[    0.000000] Initializing cgroup subsys cpuset
[    0.000000] Initializing cgroup subsys cpu
[    0.000000] Initializing cgroup subsys cpuacct
[    0.000000] Linux version 4.4.0-178-generic (buildd@lgw01-amd64-017) (gcc version 5.4.0 20160609 (Ubuntu 5.4.0-6ubuntu1~16.04.12) ) #208-Ubuntu SMP Sun Apr 5 23:45:10 UTC 2020 (Ubuntu 4.4.0-178.208-generic 4.4.217)
[    0.000000] Command line: BOOT_IMAGE=/boot/vmlinuz-4.4.0-178-generic root=LABEL=cloudimg-rootfs ro console=tty1 console=ttyS0
[    0.000000] KERNEL supported cpus:
[    0.000000]   Intel GenuineIntel
[    0.000000]   AMD AuthenticAMD
[    0.000000]   Centaur CentaurHauls
[    0.000000] x86/fpu: xstate_offset[2]:  576, xstate_sizes[2]:  256
[    0.000000] x86/fpu: Supporting XSAVE feature 0x01: 'x87 floating point registers'
[    0.000000] x86/fpu: Supporting XSAVE feature 0x02: 'SSE registers'
[    0.000000] x86/fpu: Supporting XSAVE feature 0x04: 'AVX registers'
[    0.000000] x86/fpu: Enabled xstate features 0x7, context size is 832 bytes, using 'standard' format.
[    0.000000] e820: BIOS-provided physical RAM map:
[    0.000000] BIOS-e820: [mem 0x0000000000000000-0x000000000009fbff] usable
[    0.000000] BIOS-e820: [mem 0x000000000009fc00-0x000000000009ffff] reserved
[    0.000000] BIOS-e820: [mem 0x00000000000f0000-0x00000000000fffff] reserved
[    0.000000] BIOS-e820: [mem 0x0000000000100000-0x000000001ffeffff] usable
[    0.000000] BIOS-e820: [mem 0x000000001fff0000-0x000000001fffffff] ACPI data
[    0.000000] BIOS-e820: [mem 0x00000000fec00000-0x00000000fec00fff] reserved
[    0.000000] BIOS-e820: [mem 0x00000000fee00000-0x00000000fee00fff] reserved
[    0.000000] BIOS-e820: [mem 0x00000000fffc0000-0x00000000ffffffff] reserved
[    0.000000] NX (Execute Disable) protection: active
[    0.000000] SMBIOS 2.5 present.
[    0.000000] Hypervisor detected: KVM
[    0.000000] e820: last_pfn = 0x1fff0 max_arch_pfn = 0x400000000
[    0.000000] MTRR: Disabled
[    0.000000] x86/PAT: MTRRs disabled, skipping PAT initialization too.
[    0.000000] CPU MTRRs all blank - virtualized system.
[    0.000000] x86/PAT: Configuration [0-7]: WB  WT  UC- UC  WB  WT  UC- UC
[    0.000000] found SMP MP-table at [mem 0x0009fff0-0x0009ffff] mapped at [ffff88000009fff0]
[    0.000000] Scanning 1 areas for low memory corruption
[    0.000000] RAMDISK: [mem 0x1e8df000-0x1f766fff]
[    0.000000] ACPI: Early table checksum verification disabled
[    0.000000] ACPI: RSDP 0x00000000000E0000 000024 (v02 VBOX  )
[    0.000000] ACPI: XSDT 0x000000001FFF0030 00003C (v01 VBOX   VBOXXSDT 00000001 ASL  00000061)
[    0.000000] ACPI: FACP 0x000000001FFF00F0 0000F4 (v04 VBOX   VBOXFACP 00000001 ASL  00000061)
[    0.000000] ACPI: DSDT 0x000000001FFF0470 002325 (v02 VBOX   VBOXBIOS 00000002 INTL 20180105)
[    0.000000] ACPI: FACS 0x000000001FFF0200 000040
[    0.000000] ACPI: FACS 0x000000001FFF0200 000040
[    0.000000] ACPI: APIC 0x000000001FFF0240 00005C (v02 VBOX   VBOXAPIC 00000001 ASL  00000061)
[    0.000000] ACPI: SSDT 0x000000001FFF02A0 0001CC (v01 VBOX   VBOXCPUT 00000002 INTL 20180105)
[    0.000000] No NUMA configuration found
[    0.000000] Faking a node at [mem 0x0000000000000000-0x000000001ffeffff]
[    0.000000] NODE_DATA(0) allocated [mem 0x1ffeb000-0x1ffeffff]
[    0.000000] kvm-clock: Using msrs 4b564d01 and 4b564d00
[    0.000000] kvm-clock: cpu 0, msr 0:1ffe3001, primary cpu clock
[    0.000000] kvm-clock: using sched offset of 3192200202 cycles
[    0.000000] clocksource: kvm-clock: mask: 0xffffffffffffffff max_cycles: 0x1cd42e4dffb, max_idle_ns: 881590591483 ns
[    0.000000] Zone ranges:
[    0.000000]   DMA      [mem 0x0000000000001000-0x0000000000ffffff]
[    0.000000]   DMA32    [mem 0x0000000001000000-0x000000001ffeffff]
[    0.000000]   Normal   empty
[    0.000000]   Device   empty
[    0.000000] Movable zone start for each node
[    0.000000] Early memory node ranges
[    0.000000]   node   0: [mem 0x0000000000001000-0x000000000009efff]
[    0.000000]   node   0: [mem 0x0000000000100000-0x000000001ffeffff]
[    0.000000] Initmem setup node 0 [mem 0x0000000000001000-0x000000001ffeffff]
[    0.000000] ACPI: PM-Timer IO Port: 0x4008
[    0.000000] IOAPIC[0]: apic_id 2, version 32, address 0xfec00000, GSI 0-23
[    0.000000] ACPI: INT_SRC_OVR (bus 0 bus_irq 0 global_irq 2 dfl dfl)
[    0.000000] ACPI: INT_SRC_OVR (bus 0 bus_irq 9 global_irq 9 low level)
[    0.000000] Using ACPI (MADT) for SMP configuration information
[    0.000000] smpboot: Allowing 2 CPUs, 0 hotplug CPUs
[    0.000000] PM: Registered nosave memory: [mem 0x00000000-0x00000fff]
[    0.000000] PM: Registered nosave memory: [mem 0x0009f000-0x0009ffff]
[    0.000000] PM: Registered nosave memory: [mem 0x000a0000-0x000effff]
[    0.000000] PM: Registered nosave memory: [mem 0x000f0000-0x000fffff]
[    0.000000] e820: [mem 0x20000000-0xfebfffff] available for PCI devices
[    0.000000] Booting paravirtualized kernel on KVM
[    0.000000] clocksource: refined-jiffies: mask: 0xffffffff max_cycles: 0xffffffff, max_idle_ns: 7645519600211568 ns
[    0.000000] setup_percpu: NR_CPUS:512 nr_cpumask_bits:512 nr_cpu_ids:2 nr_node_ids:1
[    0.000000] PERCPU: Embedded 33 pages/cpu @ffff88001fc00000 s95448 r8192 d31528 u1048576
[    0.000000] Built 1 zonelists in Node order, mobility grouping on.  Total pages: 128888
[    0.000000] Policy zone: DMA32
[    0.000000] Kernel command line: BOOT_IMAGE=/boot/vmlinuz-4.4.0-178-generic root=LABEL=cloudimg-rootfs ro console=tty1 console=ttyS0
[    0.000000] PID hash table entries: 2048 (order: 2, 16384 bytes)
[    0.000000] Memory: 481592K/523832K available (8626K kernel code, 1336K rwdata, 4036K rodata, 1488K init, 1292K bss, 42240K reserved, 0K cma-reserved)
[    0.000000] SLUB: HWalign=64, Order=0-3, MinObjects=0, CPUs=2, Nodes=1
[    0.000000] Kernel/User page tables isolation: enabled
[    0.000000] Hierarchical RCU implementation.
[    0.000000] 	Build-time adjustment of leaf fanout to 64.
[    0.000000] 	RCU restricting CPUs from NR_CPUS=512 to nr_cpu_ids=2.
[    0.000000] RCU: Adjusting geometry for rcu_fanout_leaf=64, nr_cpu_ids=2
[    0.000000] NR_IRQS:33024 nr_irqs:440 16
[    0.000000] Console: colour VGA+ 80x25
[    0.000000] console [tty1] enabled
[    0.000000] console [ttyS0] enabled
[    0.000000] tsc: Detected 3092.836 MHz processor
[    0.108969] Calibrating delay loop (skipped) preset value.. 6185.67 BogoMIPS (lpj=12371344)
[    0.110325] pid_max: default: 32768 minimum: 301
[    0.111038] ACPI: Core revision 20150930
[    0.112439] ACPI: 2 ACPI AML tables successfully acquired and loaded
[    0.113488] Security Framework initialized
[    0.114151] Yama: becoming mindful.
[    0.114741] AppArmor: AppArmor initialized
[    0.115425] Dentry cache hash table entries: 65536 (order: 7, 524288 bytes)
[    0.116574] Inode-cache hash table entries: 32768 (order: 6, 262144 bytes)
[    0.117649] Mount-cache hash table entries: 1024 (order: 1, 8192 bytes)
[    0.118587] Mountpoint-cache hash table entries: 1024 (order: 1, 8192 bytes)
[    0.119655] Initializing cgroup subsys io
[    0.120398] Initializing cgroup subsys memory
[    0.121195] Initializing cgroup subsys devices
[    0.121886] Initializing cgroup subsys freezer
[    0.122565] Initializing cgroup subsys net_cls
[    0.123240] Initializing cgroup subsys perf_event
[    0.123942] Initializing cgroup subsys net_prio
[    0.124840] Initializing cgroup subsys hugetlb
[    0.125560] Initializing cgroup subsys pids
[    0.127042] mce: CPU supports 0 MCE banks
[    0.127695] Last level iTLB entries: 4KB 1024, 2MB 1024, 4MB 1024
[    0.128571] Last level dTLB entries: 4KB 1024, 2MB 1024, 4MB 1024, 1GB 4
[    0.129567] Spectre V1 : Mitigation: usercopy/swapgs barriers and __user pointer sanitization
[    0.130904] Spectre V2 : Mitigation: Full generic retpoline
[    0.131723] Spectre V2 : Spectre v2 / SpectreRSB mitigation: Filling RSB on context switch
[    0.133143] Speculative Store Bypass: Vulnerable
[    0.133953] MDS: Mitigation: Clear CPU buffers
[    0.137158] Freeing SMP alternatives memory: 36K
[    0.143705] ftrace: allocating 32308 entries in 127 pages
[    0.198429] smpboot: APIC(0) Converting physical 0 to logical package 0
[    0.199465] smpboot: Max logical packages: 1
[    0.200400] x2apic enabled
[    0.201141] Switched APIC routing to physical x2apic.
[    0.202911] ..TIMER: vector=0x30 apic1=0 pin1=2 apic2=-1 pin2=-1
[    0.311995] smpboot: CPU0: Intel(R) Core(TM) i5-4440 CPU @ 3.10GHz (family: 0x6, model: 0x3c, stepping: 0x3)
[    0.313719] Performance Events: unsupported p6 CPU model 60 no PMU driver, software events only.
[    0.325484] KVM setup paravirtual spinlock
[    0.326806] x86: Booting SMP configuration:
[    0.327473] .... node  #0, CPUs:      #1
[    0.328214] kvm-clock: cpu 1, msr 0:1ffe3041, secondary cpu clock
[    0.329692] mce: CPU supports 0 MCE banks
[    0.332087] x86: Booted up 1 node, 2 CPUs
[    0.332930] smpboot: Total of 2 processors activated (12371.34 BogoMIPS)
[    0.334718] devtmpfs: initialized
[    0.336557] evm: security.selinux
[    0.337217] evm: security.SMACK64
[    0.337873] evm: security.SMACK64EXEC
[    0.338471] evm: security.SMACK64TRANSMUTE
[    0.339115] evm: security.SMACK64MMAP
[    0.339712] evm: security.ima
[    0.340242] evm: security.capability
[    0.341005] clocksource: jiffies: mask: 0xffffffff max_cycles: 0xffffffff, max_idle_ns: 7645041785100000 ns
[    0.342454] futex hash table entries: 512 (order: 3, 32768 bytes)
[    0.343412] pinctrl core: initialized pinctrl subsystem
[    0.344282] RTC time: 15:42:47, date: 05/05/20
[    0.345124] NET: Registered protocol family 16
[    0.360294] cpuidle: using governor ladder
[    0.372372] cpuidle: using governor menu
[    0.373306] PCCT header not found.
[    0.374195] ACPI: bus type PCI registered
[    0.375087] acpiphp: ACPI Hot Plug PCI Controller Driver version: 0.5
[    0.376478] PCI: Using configuration type 1 for base access
[    0.393227] ACPI: Added _OSI(Module Device)
[    0.394679] ACPI: Added _OSI(Processor Device)
[    0.396102] ACPI: Added _OSI(3.0 _SCP Extensions)
[    0.397648] ACPI: Added _OSI(Processor Aggregator Device)
[    0.400505] ACPI: Executed 1 blocks of module-level executable AML code
[    0.405456] ACPI: Interpreter enabled
[    0.406149] ACPI: (supports S0 S5)
[    0.406722] ACPI: Using IOAPIC for interrupt routing
[    0.407588] PCI: Using host bridge windows from ACPI; if necessary, use "pci=nocrs" and report a bug
[    0.411852] ACPI: PCI Root Bridge [PCI0] (domain 0000 [bus 00-ff])
[    0.412853] acpi PNP0A03:00: _OSC: OS supports [ASPM ClockPM Segments MSI]
[    0.414050] acpi PNP0A03:00: _OSC: not requesting OS control; OS requires [ExtendedConfig ASPM ClockPM MSI]
[    0.415463] acpi PNP0A03:00: fail to add MMCONFIG information, can't access extended PCI configuration space under this bridge.
[    0.417351] PCI host bridge to bus 0000:00
[    0.418002] pci_bus 0000:00: root bus resource [io  0x0000-0x0cf7 window]
[    0.418934] pci_bus 0000:00: root bus resource [io  0x0d00-0xffff window]
[    0.419920] pci_bus 0000:00: root bus resource [mem 0x000a0000-0x000bffff window]
[    0.421287] pci_bus 0000:00: root bus resource [mem 0x20000000-0xfdffffff window]
[    0.422546] pci_bus 0000:00: root bus resource [bus 00-ff]
[    0.424686] pci 0000:00:01.1: legacy IDE quirk: reg 0x10: [io  0x01f0-0x01f7]
[    0.425690] pci 0000:00:01.1: legacy IDE quirk: reg 0x14: [io  0x03f6]
[    0.426623] pci 0000:00:01.1: legacy IDE quirk: reg 0x18: [io  0x0170-0x0177]
[    0.427623] pci 0000:00:01.1: legacy IDE quirk: reg 0x1c: [io  0x0376]
[    0.445338] pci 0000:00:07.0: quirk: [io  0x4000-0x403f] claimed by PIIX4 ACPI
[    0.446591] pci 0000:00:07.0: quirk: [io  0x4100-0x410f] claimed by PIIX4 SMB
[    0.452365] ACPI: PCI Interrupt Link [LNKA] (IRQs 5 9 10 *11)
[    0.453890] ACPI: PCI Interrupt Link [LNKB] (IRQs 5 9 *10 11)
[    0.455205] ACPI: PCI Interrupt Link [LNKC] (IRQs 5 *9 10 11)
[    0.456427] ACPI: PCI Interrupt Link [LNKD] (IRQs 5 9 10 *11)
[    0.457686] ACPI: Enabled 2 GPEs in block 00 to 07
[    0.458795] vgaarb: setting as boot device: PCI:0000:00:02.0
[    0.459613] vgaarb: device added: PCI:0000:00:02.0,decodes=io+mem,owns=io+mem,locks=none
[    0.460930] vgaarb: loaded
[    0.461431] vgaarb: bridge control possible 0000:00:02.0
[    0.462449] SCSI subsystem initialized
[    0.463243] ACPI: bus type USB registered
[    0.463916] usbcore: registered new interface driver usbfs
[    0.464803] usbcore: registered new interface driver hub
[    0.465611] usbcore: registered new device driver usb
[    0.466706] PCI: Using ACPI for IRQ routing
[    0.467634] NetLabel: Initializing
[    0.468209] NetLabel:  domain hash size = 128
[    0.468964] NetLabel:  protocols = UNLABELED CIPSOv4
[    0.469727] NetLabel:  unlabeled traffic allowed by default
[    0.470854] amd_nb: Cannot enumerate AMD northbridges
[    0.471678] clocksource: Switched to clocksource kvm-clock
[    0.477944] AppArmor: AppArmor Filesystem Enabled
[    0.478780] pnp: PnP ACPI init
[    0.479966] pnp: PnP ACPI: found 3 devices
[    0.489672] clocksource: acpi_pm: mask: 0xffffff max_cycles: 0xffffff, max_idle_ns: 2085701024 ns
[    0.491115] NET: Registered protocol family 2
[    0.491962] TCP established hash table entries: 4096 (order: 3, 32768 bytes)
[    0.492970] TCP bind hash table entries: 4096 (order: 4, 65536 bytes)
[    0.493970] TCP: Hash tables configured (established 4096 bind 4096)
[    0.494872] UDP hash table entries: 256 (order: 1, 8192 bytes)
[    0.495713] UDP-Lite hash table entries: 256 (order: 1, 8192 bytes)
[    0.496647] NET: Registered protocol family 1
[    0.497414] pci 0000:00:00.0: Limiting direct PCI/PCI transfers
[    0.498276] pci 0000:00:01.0: Activating ISA DMA hang workarounds
[    0.499633] Unpacking initramfs...
[    0.685204] Freeing initrd memory: 14880K
[    0.686158] RAPL PMU detected, API unit is 2^-32 Joules, 4 fixed counters 10737418240 ms ovfl timer
[    0.687803] hw unit of domain pp0-core 2^-0 Joules
[    0.688581] hw unit of domain package 2^-0 Joules
[    0.689422] hw unit of domain dram 2^-0 Joules
[    0.690128] hw unit of domain pp1-gpu 2^-0 Joules
[    0.690910] clocksource: tsc: mask: 0xffffffffffffffff max_cycles: 0x2c94d83b270, max_idle_ns: 440795286026 ns
[    0.692570] platform rtc_cmos: registered platform RTC device (no PNP device found)
[    0.693877] Scanning for low memory corruption every 60 seconds
[    0.695111] audit: initializing netlink subsys (disabled)
[    0.695976] audit: type=2000 audit(1588693372.812:1): initialized
[    0.697184] Initialise system trusted keyring
[    0.698144] HugeTLB registered 2 MB page size, pre-allocated 0 pages
[    0.700245] zbud: loaded
[    0.701070] VFS: Disk quotas dquot_6.6.0
[    0.701733] VFS: Dquot-cache hash table entries: 512 (order 0, 4096 bytes)
[    0.702884] squashfs: version 4.0 (2009/01/31) Phillip Lougher
[    0.704232] fuse init (API version 7.23)
[    0.705050] Key type big_key registered
[    0.705706] Allocating IMA MOK and blacklist keyrings.
[    0.707147] Key type asymmetric registered
[    0.707899] Asymmetric key parser 'x509' registered
[    0.708723] Block layer SCSI generic (bsg) driver version 0.4 loaded (major 249)
[    0.709975] io scheduler noop registered
[    0.710623] io scheduler deadline registered (default)
[    0.711438] io scheduler cfq registered
[    0.712197] pci_hotplug: PCI Hot Plug PCI Core version: 0.5
[    0.713053] pciehp: PCI Express Hot Plug Controller Driver version: 0.4
[    0.714087] ACPI: AC Adapter [AC] (on-line)
[    0.714792] input: Power Button as /devices/LNXSYSTM:00/LNXPWRBN:00/input/input0
[    0.715960] ACPI: Power Button [PWRF]
[    0.716729] input: Sleep Button as /devices/LNXSYSTM:00/LNXSLPBN:00/input/input1
[    0.717901] ACPI: Sleep Button [SLPF]
[    0.718677] GHES: HEST is not enabled!
[    0.719370] Serial: 8250/16550 driver, 32 ports, IRQ sharing enabled
[    0.740896] 00:02: ttyS0 at I/O 0x3f8 (irq = 4, base_baud = 115200) is a 16550A
[    0.761042] Linux agpgart interface v0.103
[    0.763236] loop: module loaded
[    0.764394] scsi host0: ata_piix
[    0.765140] scsi host1: ata_piix
[    0.765741] ata1: PATA max UDMA/33 cmd 0x1f0 ctl 0x3f6 bmdma 0xd000 irq 14
[    0.766698] ata2: PATA max UDMA/33 cmd 0x170 ctl 0x376 bmdma 0xd008 irq 15
[    0.767930] libphy: Fixed MDIO Bus: probed
[    0.768589] tun: Universal TUN/TAP device driver, 1.6
[    0.769348] tun: (C) 1999-2004 Max Krasnyansky <maxk@qualcomm.com>
[    0.770442] PPP generic driver version 2.4.2
[    0.771270] ehci_hcd: USB 2.0 'Enhanced' Host Controller (EHCI) Driver
[    0.772315] ehci-pci: EHCI PCI platform driver
[    0.773051] ehci-platform: EHCI generic platform driver
[    0.773850] ohci_hcd: USB 1.1 'Open' Host Controller (OHCI) Driver
[    0.774726] ohci-pci: OHCI PCI platform driver
[    0.775420] ohci-platform: OHCI generic platform driver
[    0.776237] uhci_hcd: USB Universal Host Controller Interface driver
[    0.777187] i8042: PNP: PS/2 Controller [PNP0303:PS2K,PNP0f03:PS2M] at 0x60,0x64 irq 1,12
[    0.778922] serio: i8042 KBD port at 0x60,0x64 irq 1
[    0.779679] serio: i8042 AUX port at 0x60,0x64 irq 12
[    0.780582] mousedev: PS/2 mouse device common for all mice
[    0.781807] rtc_cmos rtc_cmos: rtc core: registered rtc_cmos as rtc0
[    0.782867] input: AT Translated Set 2 keyboard as /devices/platform/i8042/serio0/input/input2
[    0.784255] rtc_cmos rtc_cmos: alarms up to one day, 114 bytes nvram
[    0.785312] i2c /dev entries driver
[    0.786087] device-mapper: uevent: version 1.0.3
[    0.786935] device-mapper: ioctl: 4.34.0-ioctl (2015-10-28) initialised: dm-devel@redhat.com
[    0.788428] ledtrig-cpu: registered to indicate activity on CPUs
[    0.789723] NET: Registered protocol family 10
[    0.790665] NET: Registered protocol family 17
[    0.791394] Key type dns_resolver registered
[    0.792325] registered taskstats version 1
[    0.793015] Loading compiled-in X.509 certificates
[    0.794340] Loaded X.509 cert 'Build time autogenerated kernel key: f33c437cc9123d9712070bdfe932b55b24c56047'
[    0.795843] zswap: loaded using pool lzo/zbud
[    0.798311] Key type trusted registered
[    0.801731] Key type encrypted registered
[    0.802439] AppArmor: AppArmor sha1 policy hashing enabled
[    0.803309] ima: No TPM chip found, activating TPM-bypass!
[    0.804321] ima: Allocated hash algorithm: sha1
[    0.805097] evm: HMAC attrs: 0x1
[    0.806032]   Magic number: 4:643:739
[    0.806801] rtc_cmos rtc_cmos: setting system clock to 2020-05-05 15:42:48 UTC (1588693368)
[    0.808344] BIOS EDD facility v0.16 2004-Jun-25, 0 devices found
[    0.809290] EDD information not available.
[    0.953523] Freeing unused kernel memory: 1488K
[    0.954412] Write protecting the kernel read-only data: 14336k
[    0.956095] Freeing unused kernel memory: 1604K
[    0.957363] Freeing unused kernel memory: 60K
Loading, please wait...
starting version 229
[    0.980044] random: udevadm: uninitialized urandom read (16 bytes read, 2 bits of entropy available)
[    0.981088] random: systemd-udevd: uninitialized urandom read (16 bytes read, 2 bits of entropy available)
[    0.981159] random: systemd-udevd: uninitialized urandom read (16 bytes read, 2 bits of entropy available)
[    0.981169] random: systemd-udevd: uninitialized urandom read (16 bytes read, 2 bits of entropy available)
[    0.981181] random: systemd-udevd: uninitialized urandom read (16 bytes read, 2 bits of entropy available)
[    0.989538] random: udevadm: uninitialized urandom read (16 bytes read, 2 bits of entropy available)
[    0.997019] random: systemd-udevd: uninitialized urandom read (16 bytes read, 2 bits of entropy available)
[    0.999772] random: udevadm: uninitialized urandom read (16 bytes read, 2 bits of entropy available)
[    0.999845] random: udevadm: uninitialized urandom read (16 bytes read, 2 bits of entropy available)
[    0.999972] random: udevadm: uninitialized urandom read (16 bytes read, 2 bits of entropy available)
[    1.041250] Fusion MPT base driver 3.04.20
[    1.042244] Copyright (c) 1999-2008 LSI Corporation
[    1.047589] Fusion MPT SPI Host driver 3.04.20
[    1.049220] e1000: Intel(R) PRO/1000 Network Driver - version 7.3.21-k8-NAPI
[    1.050260] e1000: Copyright (c) 1999-2006 Intel Corporation.
[    1.057543] AVX2 version of gcm_enc/dec engaged.
[    1.059209] AES CTR mode by8 optimization enabled
[    1.248978] input: ImExPS/2 Generic Explorer Mouse as /devices/platform/i8042/serio1/input/input4
[    1.389268] e1000 0000:00:03.0 eth0: (PCI:33MHz:32-bit) 02:89:d0:e0:cd:77
[    1.391059] e1000 0000:00:03.0 eth0: Intel(R) PRO/1000 Network Connection
[    1.743962] e1000 0000:00:08.0 eth1: (PCI:33MHz:32-bit) 08:00:27:f3:6a:ae
[    1.745915] e1000 0000:00:08.0 eth1: Intel(R) PRO/1000 Network Connection
[    1.748502] e1000 0000:00:08.0 enp0s8: renamed from eth1
[    1.749689] mptbase: ioc0: Initiating bringup
[    1.765126] e1000 0000:00:03.0 enp0s3: renamed from eth0
[    1.812085] ioc0: LSI53C1030 A0: Capabilities={Initiator}
[    1.974087] scsi host2: ioc0: LSI53C1030 A0, FwRev=00000000h, Ports=1, MaxQ=256, IRQ=20
[    2.088822] scsi 2:0:0:0: Direct-Access     VBOX     HARDDISK         1.0  PQ: 0 ANSI: 5
[    2.092404] scsi target2:0:0: Beginning Domain Validation
[    2.098680] scsi target2:0:0: Domain Validation skipping write tests
[    2.109220] scsi target2:0:0: Ending Domain Validation
[    2.110162] scsi target2:0:0: asynchronous
[    2.111505] scsi 2:0:1:0: Direct-Access     VBOX     HARDDISK         1.0  PQ: 0 ANSI: 5
[    2.112875] scsi target2:0:1: Beginning Domain Validation
[    2.114426] scsi target2:0:1: Domain Validation skipping write tests
[    2.115375] scsi target2:0:1: Ending Domain Validation
[    2.116265] scsi target2:0:1: asynchronous
[    2.121194] sd 2:0:0:0: [sda] 20971520 512-byte logical blocks: (10.7 GB/10.0 GiB)
[    2.121339] sd 2:0:0:0: Attached scsi generic sg0 type 0
[    2.123684] sd 2:0:0:0: [sda] Write Protect is off
[    2.124610] sd 2:0:1:0: Attached scsi generic sg1 type 0
[    2.124698] sd 2:0:1:0: [sdb] 20480 512-byte logical blocks: (10.5 MB/10.0 MiB)
[    2.124737] sd 2:0:0:0: [sda] Incomplete mode parameter data
[    2.124738] sd 2:0:0:0: [sda] Assuming drive cache: write through
[    2.124864] sd 2:0:1:0: [sdb] Write Protect is off
[    2.124971] sd 2:0:1:0: [sdb] Incomplete mode parameter data
[    2.124985] sd 2:0:1:0: [sdb] Assuming drive cache: write through
[    2.127131]  sda: sda1
[    2.127478] sd 2:0:0:0: [sda] Attached SCSI disk
[    2.128670] sd 2:0:1:0: [sdb] Attached SCSI disk
Begin: Loading essential drivers ... [    3.434152] md: linear personality registered for level -1
[    3.437569] md: multipath personality registered for level -4
[    3.440860] md: raid0 personality registered for level 0
[    3.445012] md: raid1 personality registered for level 1
[    3.519763] raid6: sse2x1   gen() 10086 MB/s
[    3.593213] raid6: sse2x1   xor()  8478 MB/s
[    3.672806] raid6: sse2x2   gen() 15302 MB/s
[    3.740506] raid6: sse2x2   xor()  8578 MB/s
[    3.820732] raid6: sse2x4   gen() 17899 MB/s
[    3.888738] raid6: sse2x4   xor() 10075 MB/s
[    3.959775] raid6: avx2x1   gen() 20388 MB/s
[    4.040842] raid6: avx2x2   gen() 25374 MB/s
[    4.119629] raid6: avx2x4   gen() 31138 MB/s
[    4.120488] raid6: using algorithm avx2x4 gen() 31138 MB/s
[    4.121413] raid6: using avx2x2 recovery algorithm
[    4.123516] xor: automatically using best checksumming function:
[    4.163734]    avx       : 25828.000 MB/sec
[    4.165705] async_tx: api initialized (async)
[    4.174923] md: raid6 personality registered for level 6
[    4.175814] md: raid5 personality registered for level 5
[    4.176647] md: raid4 personality registered for level 4
[    4.183052] md: raid10 personality registered for level 10
done.
Begin: Running /scripts/init-premount ... done.
Begin: Mounting root file system ... Begin: Running /scripts/local-top ... done.
Begin: Running /scripts/local-premount ... [    4.212975] Btrfs loaded
Scanning for Btrfs filesystems
done.
Warning: fsck not present, so skipping root file system
[    4.245140] EXT4-fs (sda1): mounted filesystem with ordered data mode. Opts: (null)
done.
Begin: Running /scripts/local-bottom ... done.
Begin: Running /scripts/init-bottom ... done.
[    4.380934] systemd[1]: systemd 229 running in system mode. (+PAM +AUDIT +SELINUX +IMA +APPARMOR +SMACK +SYSVINIT +UTMP +LIBCRYPTSETUP +GCRYPT +GNUTLS +ACL +XZ -LZ4 +SECCOMP +BLKID +ELFUTILS +KMOD -IDN)
[    4.384049] systemd[1]: Detected virtualization oracle.
[    4.385054] systemd[1]: Detected architecture x86-64.

Welcome to [1mUbuntu 16.04.6 LTS[0m!

[    4.389422] systemd[1]: Set hostname to <ubuntu>.
[    4.391993] systemd[1]: Initializing machine ID from random generator.
[    4.393070] systemd[1]: Installed transient /etc/machine-id file.
[    4.517261] systemd[1]: Reached target Swap.
[[0;32m  OK  [0m] Reached target Swap.
[    4.523941] systemd[1]: Listening on Journal Socket (/dev/log).
[[0;32m  OK  [0m] Listening on Journal Socket (/dev/log).
[    4.525667] systemd[1]: Reached target System Time Synchronized.
[[0;32m  OK  [0m] Reached target System Time Synchronized.
[    4.527688] systemd[1]: Listening on LVM2 metadata daemon socket.
[[0;32m  OK  [0m] Listening on LVM2 metadata daemon socket.
[    4.529818] systemd[1]: Listening on Journal Socket.
[[0;32m  OK  [0m] Listening on Journal Socket.
[    4.531637] systemd[1]: Listening on Journal Audit Socket.
[[0;32m  OK  [0m] Listening on Journal Audit Socket.
[    4.533566] systemd[1]: Started Forward Password Requests to Wall Directory Watch.
[[0;32m  OK  [0m] Started Forward Password Requests to Wall Directory Watch.
[    4.536119] systemd[1]: Started Trigger resolvconf update for networkd DNS.
[[0;32m  OK  [0m] Started Trigger resolvconf update for networkd DNS.
[    4.538359] systemd[1]: Reached target Encrypted Volumes.
[[0;32m  OK  [0m] Reached target Encrypted Volumes.
[    4.540236] systemd[1]: Listening on LVM2 poll daemon socket.
[[0;32m  OK  [0m] Listening on LVM2 poll daemon socket.
[    4.541949] systemd[1]: Listening on Device-mapper event daemon FIFOs.
[[0;32m  OK  [0m] Listening on Device-mapper event daemon FIFOs.
[    4.543895] systemd[1]: Created slice User and Session Slice.
[[0;32m  OK  [0m] Created slice User and Session Slice.
[    4.546127] systemd[1]: Listening on Syslog Socket.
[[0;32m  OK  [0m] Listening on Syslog Socket.
[    4.548919] systemd[1]: Listening on udev Control Socket.
[[0;32m  OK  [0m] Listening on udev Control Socket.
[    4.550510] systemd[1]: Listening on udev Kernel Socket.
[[0;32m  OK  [0m] Listening on udev Kernel Socket.
[    4.552065] systemd[1]: Listening on /dev/initctl Compatibility Named Pipe.
[[0;32m  OK  [0m] Listening on /dev/initctl Compatibility Named Pipe.
[    4.554136] systemd[1]: Set up automount Arbitrary Executable File Formats File System Automount Point.
[[0;32m  OK  [0m] Set up automount Arbitrary Executab...ats File System Automount Point.
[    4.556790] systemd[1]: Created slice System Slice.
[[0;32m  OK  [0m] Created slice System Slice.
[    4.567897] systemd[1]: Starting Remount Root and Kernel File Systems...
         Starting Remount Root and Kernel File Systems...
[    4.570837] systemd[1]: Mounting Debug File System...
         Mounting Debug File System...
[    4.573676] systemd[1]: Reached target Slices.
[[0;32m  OK  [0m] Reached target Slices.
[    4.575645] EXT4-fs (sda1): re-mounted. Opts: (null)
[    4.576333] systemd[1]: Mounting POSIX Message Queue File System...
         Mounting POSIX Message Queue File System...
[    4.579457] systemd[1]: Starting Monitoring of LVM2 mirrors, snapshots etc. using dmeventd or progress polling...
         Starting Monitoring of LVM2 mirrors... dmeventd or progress polling...
[    4.582774] systemd[1]: Starting Journal Service...
         Starting Journal Service...
[    4.584842] systemd[1]: Starting Uncomplicated firewall...
         Starting Uncomplicated firewall...
[    4.587344] systemd[1]: Starting Nameserver information manager...
         Starting Nameserver information manager...
[    4.590194] systemd[1]: Mounting Huge Pages File System...
         Mounting Huge Pages File System...
[    4.592939] systemd[1]: Starting Set console keymap...
         Starting Set console keymap...
[    4.595031] systemd[1]: Created slice system-serial\x2dgetty.slice.
[[0;32m  OK  [0m] Created slice system-serial\x2dgetty.slice.
[    4.599035] systemd[1]: Starting Load Kernel Modules...
         Starting Load Kernel Modules...
[    4.602030] systemd[1]: Starting Create list of required static device nodes for the current kernel...
         Starting Create list of required st... nodes for the current kernel...
[    4.606242] systemd[1]: Reached target User and Group Name Lookups.
[[0;32m  OK  [0m] Reached target User and Group Name Lookups.
[    4.609614] systemd[1]: Mounted Debug File System.
[[0;32m  OK  [0m] Mounted Debug File System.
[    4.611256] systemd[1]: Mounted POSIX Message Queue File System.
[[0;32m  OK  [0m] Mounted POSIX Message Queue File System.
[    4.613069] Loading iSCSI transport class v2.0-870.
[    4.613117] systemd[1]: Mounted Huge Pages File System.
[[0;32m  OK  [0m] Mounted Huge Pages File System.
[    4.615933] systemd[1]: Started Remount Root and Kernel File Systems.
[[0;32m  OK  [0m] Started Remount Root and Kernel File Systems.
[    4.618855] systemd[1]: Started Uncomplicated firewall.
[[0;32m  OK  [0m] Started Uncomplicated firewall.
[    4.622521] iscsi: registered transport (tcp)
[    4.628806] systemd[1]: Started Create list of required static device nodes for the current kernel.
[[0;32m  OK  [0m] Started Create list of required sta...ce nodes for the current kernel.
[    4.632934] systemd[1]: Started LVM2 metadata daemon.
[[0;32m  OK  [0m] Started LVM2 metadata daemon.
[    4.635667] systemd[1]: Starting Create Static Device Nodes in /dev...
         Starting Create Static Device Nodes in /dev...
[    4.645073] systemd[1]: Starting udev Coldplug all Devices...
         Starting udev Coldplug all Devices...
[    4.647340] systemd[1]: Starting Load/Save Random Seed...
         Starting Load/Save Random Seed...
[    4.651258] systemd[1]: Started Journal Service.
[[0;32m  OK  [0m] Started Journal Service.
[[0;32m  OK  [0m] Started Set console keymap.
[[0;32m  OK  [0m] Started Nameserver information manager.
         Starting Flush Journal to Persistent Storage...
[[0;32m  OK  [0m] Started Load/Save Random Seed.
[[0;32m  OK  [0m] Started Create Static Device Nodes in /dev.
[    4.708001] iscsi: registered transport (iser)
[[0;32m  OK  [0m] Started Load Kernel Modules.
         Mounting FUSE Control File System...
         Starting Apply Kernel Variables...
         Starting udev Kernel Device Manager...
[[0;32m  OK  [0m] Mounted FUSE Control File System.
[    4.726825] systemd-journald[380]: Received request to flush runtime journal from PID 1
[[0;32m  OK  [0m] Started Flush Journal to Persistent Storage.
[[0;32m  OK  [0m] Started Apply Kernel Variables.
[[0;32m  OK  [0m] Started udev Coldplug all Devices.
[[0;32m  OK  [0m] Started Monitoring of LVM2 mirrors,...ng dmeventd or progress polling.
[[0;32m  OK  [0m] Reached target Local File Systems (Pre).
[[0;32m  OK  [0m] Reached target Local File Systems.
         Starting Create Volatile Files and Directories...
         Starting Tell Plymouth To Write Out Runtime Data...
         Starting LSB: AppArmor initialization...
         Starting Initial cloud-init job (pre-networking)...
         Starting Commit a transient machine-id on disk...
         Starting Set console font and keymap...
[[0;32m  OK  [0m] Started udev Kernel Device Manager.
[[0;32m  OK  [0m] Started Create Volatile Files and Directories.
[[0;32m  OK  [0m] Started Tell Plymouth To Write Out Runtime Data.
         Starting Update UTMP about System Boot/Shutdown...
[[0;32m  OK  [0m] Started Dispatch Password Requests to Console Directory Watch.
[[0;32m  OK  [0m] Started Update UTMP about System Boot/Shutdown.
[[0;32m  OK  [0m] Started Commit a transient machine-id on disk.
[[0;32m  OK  [0m] Found device /dev/ttyS0.
[[0;32m  OK  [0m] Listening on Load/Save RF Kill Switch Status /dev/rfkill Watch.
[    5.937640] [[0;32m  OK  [0m] Started LSB: AppArmor initialization.
cloud-init[487]: Cloud-init v. 19.4-33-gbb4131a2-0ubuntu1~16.04.1 running 'init-local' at Tue, 05 May 2020 15:42:53 +0000. Up 5.49 seconds.
[[0;32m  OK  [0m] Started Initial cloud-init job (pre-networking).
[[0;32m  OK  [0m] Reached target Network (Pre).
         Starting Raise network interfaces...
[[0;32m  OK  [0m] Started Set console font and keymap.
[[0;32m  OK  [0m] Created slice system-getty.slice.
[[0;32m  OK  [0m] Started Raise network interfaces.
[[0;32m  OK  [0m] Reached target Network.
         Starting Initial cloud-init job (metadata service crawler)...
[    7.700673] cloud-init[962]: Cloud-init v. 19.4-33-gbb4131a2-0ubuntu1~16.04.1 running 'init' at Tue, 05 May 2020 15:42:54 +0000. Up 6.89 seconds.
[    7.702262] cloud-init[962]: ci-info: ++++++++++++++++++++++++++++++++++++++Net device info+++++++++++++++++++++++++++++++++++++++
[    7.703633] cloud-init[962]: ci-info: +--------+-------+----------------------------+---------------+--------+-------------------+
[    7.705172] cloud-init[962]: ci-info: | Device |   Up  |          Address           |      Mask     | Scope  |     Hw-Address    |
[    7.706683] cloud-init[962]: ci-info: +--------+-------+----------------------------+---------------+--------+-------------------+
[    7.712369] cloud-init[962]: ci-info: | enp0s3 |  True |         10.0.2.15          | 255.255.255.0 | global | 02:89:d0:e0:cd:77 |
[    7.713916] cloud-init[962]: ci-info: | enp0s3 |  True | fe80::89:d0ff:fee0:cd77/64 |       .       |  link  | 02:89:d0:e0:cd:77 |
[    7.715246] cloud-init[962]: ci-info: | enp0s8 | False |             .              |       .       |   .    | 08:00:27:f3:6a:ae |
[    7.728411] cloud-init[962]: ci-info: |   lo   |  True |         127.0.0.1          |   255.0.0.0   |  host  |         .         |
[    7.729597] cloud-init[962]: ci-info: |   lo   |  True |          ::1/128           |       .       |  host  |         .         |
[    7.730960] cloud-init[962]: ci-info: +--------+-------+----------------------------+---------------+--------+-------------------+
[    7.732340] cloud-init[962]: ci-info: +++++++++++++++++++++++++++Route IPv4 info++++++++++++++++++++++++++++
[    7.733565] cloud-init[962]: ci-info: +-------+-------------+----------+---------------+-----------+-------+
[    7.736304] cloud-init[962]: ci-info: | Route | Destination | Gateway  |    Genmask    | Interface | Flags |
[    7.740294] cloud-init[962]: ci-info: +-------+-------------+----------+---------------+-----------+-------+
[    7.741582] cloud-init[962]: ci-info: |   0   |   0.0.0.0   | 10.0.2.2 |    0.0.0.0    |   enp0s3  |   UG  |
[    7.744216] cloud-init[962]: ci-info: |   1   |   10.0.2.0  | 0.0.0.0  | 255.255.255.0 |   enp0s3  |   U   |
[    7.748272] cloud-init[962]: ci-info: +-------+-------------+----------+---------------+-----------+-------+
[    7.749533] cloud-init[962]: ci-info: +++++++++++++++++++Route IPv6 info+++++++++++++++++++
[    7.752274] cloud-init[962]: ci-info: +-------+-------------+---------+-----------+-------+
[    7.756408] cloud-init[962]: ci-info: | Route | Destination | Gateway | Interface | Flags |
[    7.757502] cloud-init[962]: ci-info: +-------+-------------+---------+-----------+-------+
[    7.758554] cloud-init[962]: ci-info: |   0   |  fe80::/64  |    ::   |   enp0s3  |   U   |
[    7.759646] cloud-init[962]: ci-info: |   3   |   ff00::/8  |    ::   |   enp0s3  |   U   |
[    7.764313] cloud-init[962]: ci-info: +-------+-------------+---------+-----------+-------+
[    7.765475] cloud-init[962]: Generating public/private rsa key pair.
[    7.766381] cloud-init[962]: Your identification has been saved in /etc/ssh/ssh_host_rsa_key.
[    7.767447] cloud-init[962]: Your public key has been saved in /etc/ssh/ssh_host_rsa_key.pub.
[    7.768644] cloud-init[962]: The key fingerprint is:
[    7.769493] cloud-init[962]: SHA256:4w8wYSMMcCZGUz0vuoYKI0xPpVusxW65sLioFwY3/kw root@ubuntu-xenial
[    7.770710] cloud-init[962]: The key's randomart image is:
[    7.771620] cloud-init[962]: +---[RSA 2048]----+
[    7.772490] cloud-init[962]: |+==..            |
[    7.773327] cloud-init[962]: |.+.o o           |
[    7.780333] [[0;32m  OK  [0m] Started Initial cloud-init job (metadata service crawler).
[[0;32m  OK  [0m] Reached target System Initialization.
[[0;32m  OK  [0m] Started Daily Cleanup of Temporary Directories.
[[0;32m  OK  [0m] Started Daily apt download activities.
[[0;32m  OK  [0m] Started Daily apt upgrade and clean activities.
cloud-init[962]: |    o.*          |
[    7.783377]          Starting LXD - unix socket.
         Starting Socket activation for snappy daemon.
[[0;32m  OK  [0m] Listening on D-Bus System Message Bus Socket.
[[0;32m  OK  [0m] Started Message of the Day.
cloud-init[962]: |. o =+ +         |
[    7.786499] [[0;32m  OK  [0m] Reached target Timers.
[[0;32m  OK  [0m] Listening on UUID daemon activation socket.
[[0;32m  OK  [0m] Listening on ACPID Listen Socket.
cloud-init[962]: | = +.=+ S        |
[    7.796313] [[0;32m  OK  [0m] Started ACPI Events Check.
[[0;32m  OK  [0m] Reached target Paths.
[[0;32m  OK  [0m] Reached target Network is Online.
cloud-init[962]: |o *.E .+ .       |
[    7.798087] cloud-init[962]: |+o.X.+  o        |
[    7.798822] cloud-init[962]: |+ooo* .  o       |
[    7.799534] cloud-init[962]: |*+o. .    .      |
[    7.800262] cloud-init[962]: +----[SHA256]-----+
[    7.801027] cloud-init[962]: Generating public/private dsa key pair.
[    7.802120] cloud-init[962]: Your identification has been saved in /etc/ssh/ssh_host_dsa_key.
[    7.803504] cloud-init[962]: Your public key has been saved in /etc/ssh/ssh_host_dsa_key.pub.
[    7.804929] cloud-init[962]: The key fingerprint is:
[    7.805945] cloud-init[962]: SHA256:HHKnM0z0fCdMazK4HK46rH5apC18uHmBsX4INxihW/o root@ubuntu-xenial
[    7.807368] cloud-init[962]: The key's randomart image is:
[    7.808457] cloud-init[962]: +---[DSA 1024]----+
[    7.809378] cloud-init[962]: |        .   .    |
[    7.810152] cloud-init[962]: |.      . + o .   |
[    7.810857] cloud-init[962]: |..    . * * * .  |
[    7.811557] cloud-init[962]: |o o    O * = o   |
         Starting iSCSI initiator daemon (iscsid)...
[    7.812705] [[0;32m  OK  [0m] Reached target Cloud-config availability.
[[0;32m  OK  [0m] Listening on LXD - unix socket.
[[0;32m  OK  [0m] Listening on Socket activation for snappy daemon.
[[0;32m  OK  [0m] Reached target Sockets.
[[0;32m  OK  [0m] Reached target Basic System.
cloud-init[962]: | * +.   S        |
[    7.815924] cloud-init[962]: |=.==.  . o       |
         Starting Virtualbox guest utils...
[    7.817617] cloud-init[962]: | ==++..          |
[[0;32m  OK  [0m] Started D-Bus System Message Bus.
[    7.822597] cloud-init[962]: |  E**.           |
[    7.823788] cloud-init[962]: | .**..           |
[    7.825264] cloud-init[962]: +----[SHA256]-----+
[    7.826162] cloud-init[962]: Generating public/private ecdsa key pair.
[    7.827186] cloud-init[962]: Your identification has been saved in /etc/ssh/ssh_host_ecdsa_key.
[    7.828680] cloud-init[962]: Your public key has been saved in /etc/ssh/ssh_host_ecdsa_key.pub.
[    7.830884] cloud-init[962]: The key fingerprint is:
[    7.832834] cloud-init[962]: SHA256:bMrwRefgZZi2QVh6AXs7ORPliPv1g5DDNJ2c5RwoBLg root@ubuntu-xenial
[    7.834475] cloud-init[962]: The key's randomart image is:
[    7.835507] cloud-init[962]: +---[ECDSA 256]---+
[    7.836881] cloud-init[962]: |     .o*= ..o    |
[    7.838200] cloud-init[962]: |    . .=.X.* .   |
[    7.839161] cloud-init[962]: |     .+ #.X o    |
[    7.840232] cloud-init[962]: |    E  @ #       |
[    7.841616] cloud-init[962]: |    . . S o      |
[    7.842816] cloud-init[962]: |     + = B o     |
[    7.844754] cloud-init[962]: |      + . . o    |[[0;32m  OK  [0m] Started FUSE filesystem for LXC.

[    7.845926] [[0;32m  OK  [0m] Started Deferred execution scheduler.
cloud-init[962]: |             .   |         Starting LXD - container startup/shutdown...

         Starting Pollinate to seed the pseudo random number generator...
[    7.850704]          Starting LSB: Record successful boot for GRUB...
cloud-init[962]: |                 |
         Starting LSB: MD monitoring daemon...
[    7.855898] cloud-init[[0;32m  OK  [0m] Started Regular background program processing daemon.
         Starting Accounts Service...
         Starting Snappy daemon...
         Starting Login Service...
         Starting /etc/rc.local Compatibility...
[962]: +----[SHA256]-----+
         Starting System Logging Service...
[    7.875735] cloud-init[962]: Generating public/private ed25519 key pair.
[    7.878164] cloud-init[962]: Your identification has been saved in /etc/ssh/ssh_host_ed25519_key.
[    7.879345] cloud-init[962]: Your public key has been saved in /etc/ssh/ssh_host_ed25519_key.pub.
[    7.880739] cloud-init[962]: The key fingerprint is:
[    7.883536] cloud-init[962]: SHA256:dIYtHpnikAm6P2GTz1h526iBs3zTbbTB+akTsXrYdUg root@ubuntu-xenial
[    7.885027] cloud-init[962]: The key's randomart image is:
[    7.885913] cloud-init[962]: +--[ED25519 256]--+
[    7.887154] cloud-init[962]: |  .              |
[    7.888362] cloud-init[962]: | . . o   =       |
[[0;32m  OK  [0m] Started ACPI event daemon.
[    7.897452] cloud-init[962]: |.   + . B +      |
[    7.906362] cloud-init[962]: | . . + +.=E      |[[0;32m  OK  [0m] Started /etc/rc.local Compatibility.

[    7.913497] cloud-init[962]: |. = o o.S= .     |
[    7.924273] cloud-init[962]: | o O . +B o .    |
[    7.926855] cloud-init[962]: |  * +.o*.* o     |
[[0;32m  OK  [0m] Started Login Service.
[    7.929792] cloud-init[962]: | . +oo+ B o      |
[    7.932452] cloud-init[962]: |  o... o.o       |
[    7.936146] cloud-init[962]: +----[SHA256]-----+
[[0;32m  OK  [0m] Started Unattended Upgrades Shutdown.
[[0;32m  OK  [0m] Started System Logging Service.
[[0;32m  OK  [0m] Started LSB: MD monitoring daemon.
[[0;32m  OK  [0m] Started iSCSI initiator daemon (iscsid).
[[0;32m  OK  [0m] Started LSB: Record successful boot for GRUB.
         Starting Authenticate and Authorize Users to Run Privileged Tasks...
         Starting Login to default iSCSI targets...
[[0;32m  OK  [0m] Started Login to default iSCSI targets.
[[0;32m  OK  [0m] Started Authenticate and Authorize Users to Run Privileged Tasks.
[[0;32m  OK  [0m] Started Accounts Service.
[[0;32m  OK  [0m] Reached target Remote File Systems (Pre).
[[0;32m  OK  [0m] Reached target Remote File Systems.
         Starting Permit User Sessions...
         Starting LSB: daemon to balance interrupts for SMP systems...
         Starting LSB: Set the CPU Frequency Scaling governor to "ondemand"...
         Starting LSB: automatic crash report generation...
[[0;32m  OK  [0m] Started Virtualbox guest utils.
[[0;32m  OK  [0m] Started Permit User Sessions.
         Starting Terminate Plymouth Boot Screen...
         Starting Hold until boot process finishes up...
[[0;32m  OK  [0m] Started Hold until boot process finishes up.
[[0;32m  OK  [0m] Started Getty on tty1.
[[0;32m  OK  [0m] Started Serial Getty on ttyS0.
[[0;32m  OK  [0m] Reached target Login Prompts.
         Starting Set console scheme...
[[0;32m  OK  [0m] Started Terminate Plymouth Boot Screen.
[[0;32m  OK  [0m] Started Set console scheme.
[[0;32m  OK  [0m] Started LSB: Set the CPU Frequency Scaling governor to "ondemand".
[[0;32m  OK  [0m] Started LXD - container startup/shutdown.
[[0;32m  OK  [0m] Started LSB: automatic crash report generation.
[[0;32m  OK  [0m] Started LSB: daemon to balance interrupts for SMP systems.
[[0;32m  OK  [0m] Started Snappy daemon.
         Starting Wait until snapd is fully seeded...
[[0;32m  OK  [0m] Started Pollinate to seed the pseudo random number generator.
         Starting OpenBSD Secure Shell server...
[[0;32m  OK  [0m] Started OpenBSD Secure Shell server.
[[0;32m  OK  [0m] Started Wait until snapd is fully seeded.
         Starting Apply the settings specified in cloud-config...
[[0;32m  OK  [0m] Reached target Multi-User System.
[[0;32m  OK  [0m] Reached target Graphical Interface.
         Starting Update UTMP about System Runlevel Changes...
[[0;32m  OK  [0m] Started Update UTMP about System Runlevel Changes.
[    9.677188] cloud-init[1319]: Generating locales (this might take a while)...
[   10.416037] cloud-init[1319]:   en_US.UTF-8... done
[   10.417278] cloud-init[1319]: Generation complete.
[   10.702690] cloud-init[1319]: Cloud-init v. 19.4-33-gbb4131a2-0ubuntu1~16.04.1 running 'modules:config' at Tue, 05 May 2020 15:42:57 +0000. Up 9.59 seconds.
[[0;32m  OK  [0m] Started Apply the settings specified in cloud-config.
         Starting Execute cloud user/final scripts...
ci-info: no authorized SSH keys fingerprints found for user ubuntu.
<14>May  5 15:42:58 ec2:
<14>May  5 15:42:58 ec2: #############################################################
<14>May  5 15:42:58 ec2: -----BEGIN SSH HOST KEY FINGERPRINTS-----
<14>May  5 15:42:58 ec2: 1024 SHA256:HHKnM0z0fCdMazK4HK46rH5apC18uHmBsX4INxihW/o root@ubuntu-xenial (DSA)
<14>May  5 15:42:58 ec2: 256 SHA256:bMrwRefgZZi2QVh6AXs7ORPliPv1g5DDNJ2c5RwoBLg root@ubuntu-xenial (ECDSA)
<14>May  5 15:42:58 ec2: 256 SHA256:dIYtHpnikAm6P2GTz1h526iBs3zTbbTB+akTsXrYdUg root@ubuntu-xenial (ED25519)
<14>May  5 15:42:58 ec2: 2048 SHA256:4w8wYSMMcCZGUz0vuoYKI0xPpVusxW65sLioFwY3/kw root@ubuntu-xenial (RSA)
<14>May  5 15:42:58 ec2: -----END SSH HOST KEY FINGERPRINTS-----
<14>May  5 15:42:58 ec2: #############################################################
-----BEGIN SSH HOST KEY KEYS-----
ecdsa-sha2-nistp256 AAAAE2VjZHNhLXNoYTItbmlzdHAyNTYAAAAIbmlzdHAyNTYAAABBBKGhO5+Tax+lTv0/3admGRGX3D8eSZoE7g57BRBPltg04tFBkuKzz93Ikgpab+4bEoSUJBXBMH1+NcZKPLTaJu8= root@ubuntu-xenial
ssh-ed25519 AAAAC3NzaC1lZDI1NTE5AAAAIFi187ekyW8hj9voMUp/2UNqIiSdTfhiR41nDjqNkvgY root@ubuntu-xenial
ssh-rsa AAAAB3NzaC1yc2EAAAADAQABAAABAQDSEKfVw4XdY/11AE8iGW1d/L0lKjbydtfs7SnYRG/fIipU1XII4VpL0ofRoz0uar9J4IF8kz7fD9+L4qbw/t4TDiZqCDjlseivXQVoJb5mi55kvgTQFJDCRCy9vjb4KuWO50tSvyLMf5q4J33jqILGLOKpP2Uzn9JPWHBGz0w0PB3job0kKRsHnsUxOqyFdJkmLu0+ruVe2jbeTtlWdJDX5z7GeV3CySBTFCRomdvmBcUqNMsNgozu8lNjRMbYXc3sM8Z99oTN+gYlOjFATmzmOcuKQkWzP4lWwtBIkKrAvP2i0rOfDW/MAs/LseFblaeZnev/tCuInCFcG6Ah6HQ7 root@ubuntu-xenial
-----END SSH HOST KEY KEYS-----
[   11.157697] cloud-init[1361]: Cloud-init v. 19.4-33-gbb4131a2-0ubuntu1~16.04.1 running 'modules:final' at Tue, 05 May 2020 15:42:58 +0000. Up 11.03 seconds.
[   11.159349] cloud-init[1361]: ci-info: no authorized SSH keys fingerprints found for user ubuntu.
[   11.160451] cloud-init[1361]: Cloud-init v. 19.4-33-gbb4131a2-0ubuntu1~16.04.1 finished at Tue, 05 May 2020 15:42:58 +0000. Datasource DataSourceNoCloud [seed=/dev/sdb][dsmode=net].  Up 11.15 seconds
[[0;32m  OK  [0m] Started Execute cloud user/final scripts.
[[0;32m  OK  [0m] Reached target Cloud-init target.

Ubuntu 16.04.6 LTS ubuntu-xenial ttyS0

ubuntu-xenial login:
